2025-01-14 08:31:38,606 - Setup - INFO - Iniciando setup (modo dev)...
2025-01-14 08:31:38,606 - Setup - INFO - Verificando versão do Python...
2025-01-14 08:31:38,606 - Setup - INFO - Python 3.12.8 encontrado
2025-01-14 08:31:38,606 - Setup - INFO - Modo dev: pulando verificação de GPU
2025-01-14 08:31:38,606 - Setup - INFO - Criando estrutura de diretórios...
2025-01-14 08:31:38,606 - Setup - INFO - Diretório criado: logs
2025-01-14 08:31:38,606 - Setup - INFO - Diretório criado: src/database
2025-01-14 08:31:38,606 - Setup - INFO - Diretório criado: src/commands
2025-01-14 08:31:38,606 - Setup - INFO - Diretório criado: src/webhooks
2025-01-14 08:31:38,606 - Setup - INFO - Diretório criado: src/config
2025-01-14 08:31:38,606 - Setup - INFO - Instalando dependências...
2025-01-14 08:31:38,606 - Setup - INFO - Instalando dependências base...
2025-01-14 08:31:40,426 - Setup - INFO - Dependências base instaladas com sucesso
2025-01-14 08:31:40,433 - Setup - INFO - Configurando variáveis de ambiente...
2025-01-14 08:31:40,433 - Setup - INFO - .env já existe, pulando configuração
2025-01-14 08:31:40,434 - Setup - INFO - Configurando banco de dados...
2025-01-14 08:31:44,509 - Setup - ERROR - Erro ao configurar banco de dados: connection to server at "localhost" (::1), port 5432 failed: Connection refused (0x0000274D/10061)
	Is the server running on that host and accepting TCP/IP connections?
connection to server at "localhost" (127.0.0.1), port 5432 failed: Connection refused (0x0000274D/10061)
	Is the server running on that host and accepting TCP/IP connections?

2025-01-14 08:31:44,510 - Setup - ERROR - Setup falhou!
